This file contains any messages produced by compilers while
running configure, to aid debugging if configure makes a mistake.

It was created by configure, which was
generated by GNU Autoconf 2.61.  Invocation command line was

  $ ./configure --disable-oggtest --without-libogg

## --------- ##
## Platform. ##
## --------- ##

hostname = ubuntu
uname -m = x86_64
uname -r = 4.4.0-38-generic
uname -s = Linux
uname -v = #57-Ubuntu SMP Tue Sep 6 15:42:33 UTC 2016

/usr/bin/uname -p = unknown
/bin/uname -X     = unknown

/bin/arch              = unknown
/usr/bin/arch -k       = unknown
/usr/convex/getsysinfo = unknown
/usr/bin/hostinfo      = unknown
/bin/machine           = unknown
/usr/bin/oslevel       = unknown
/bin/universe          = unknown

PATH: /home/devshark/bin
PATH: /home/devshark/.local/bin
PATH: /usr/local/sbin
PATH: /usr/local/bin
PATH: /usr/sbin
PATH: /usr/bin
PATH: /sbin
PATH: /bin
PATH: /usr/games
PATH: /usr/local/games
PATH: /snap/bin


## ----------- ##
## Core tests. ##
## ----------- ##

configure:2019: checking for a BSD-compatible install
configure:2075: result: /usr/bin/install -c
configure:2086: checking whether build environment is sane
configure:2129: result: yes
configure:2186: checking for gawk
configure:2216: result: no
configure:2186: checking for mawk
configure:2202: found /usr/bin/mawk
configure:2213: result: mawk
configure:2224: checking whether make sets $(MAKE)
configure:2245: result: yes
configure:2416: checking whether to enable maintainer-specific portions of Makefiles
configure:2425: result: no
configure:2447: checking build system type
configure:2465: result: x86_64-unknown-linux-gnu
configure:2487: checking host system type
configure:2502: result: x86_64-unknown-linux-gnu
configure:2610: checking for style of include used by make
configure:2638: result: GNU
configure:2711: checking for gcc
configure:2727: found /usr/bin/gcc
configure:2738: result: gcc
configure:2976: checking for C compiler version
configure:2983: gcc --version >&5
gcc (Ubuntu 5.4.0-6ubuntu1~16.04.2) 5.4.0 20160609
Copyright (C) 2015 Free Software Foundation, Inc.
This is free software; see the source for copying conditions.  There is NO
warranty; not even for MERCHANTABILITY or FITNESS FOR A PARTICULAR PURPOSE.

configure:2986: $? = 0
configure:2993: gcc -v >&5
Using built-in specs.
COLLECT_GCC=gcc
COLLECT_LTO_WRAPPER=/usr/lib/gcc/x86_64-linux-gnu/5/lto-wrapper
Target: x86_64-linux-gnu
Configured with: ../src/configure -v --with-pkgversion='Ubuntu 5.4.0-6ubuntu1~16.04.2' --with-bugurl=file:///usr/share/doc/gcc-5/README.Bugs --enable-languages=c,ada,c++,java,go,d,fortran,objc,obj-c++ --prefix=/usr --program-suffix=-5 --enable-shared --enable-linker-build-id --libexecdir=/usr/lib --without-included-gettext --enable-threads=posix --libdir=/usr/lib --enable-nls --with-sysroot=/ --enable-clocale=gnu --enable-libstdcxx-debug --enable-libstdcxx-time=yes --with-default-libstdcxx-abi=new --enable-gnu-unique-object --disable-vtable-verify --enable-libmpx --enable-plugin --with-system-zlib --disable-browser-plugin --enable-java-awt=gtk --enable-gtk-cairo --with-java-home=/usr/lib/jvm/java-1.5.0-gcj-5-amd64/jre --enable-java-home --with-jvm-root-dir=/usr/lib/jvm/java-1.5.0-gcj-5-amd64 --with-jvm-jar-dir=/usr/lib/jvm-exports/java-1.5.0-gcj-5-amd64 --with-arch-directory=amd64 --with-ecj-jar=/usr/share/java/eclipse-ecj.jar --enable-objc-gc --enable-multiarch --disable-werror --with-arch-32=i686 --with-abi=m64 --with-multilib-list=m32,m64,mx32 --enable-multilib --with-tune=generic --enable-checking=release --build=x86_64-linux-gnu --host=x86_64-linux-gnu --target=x86_64-linux-gnu
Thread model: posix
gcc version 5.4.0 20160609 (Ubuntu 5.4.0-6ubuntu1~16.04.2) 
configure:2996: $? = 0
configure:3003: gcc -V >&5
gcc: error: unrecognized command line option '-V'
gcc: fatal error: no input files
compilation terminated.
configure:3006: $? = 1
configure:3029: checking for C compiler default output file name
configure:3056: gcc    conftest.c  >&5
configure:3059: $? = 0
configure:3097: result: a.out
configure:3114: checking whether the C compiler works
configure:3124: ./a.out
configure:3127: $? = 0
configure:3144: result: yes
configure:3151: checking whether we are cross compiling
configure:3153: result: no
configure:3156: checking for suffix of executables
configure:3163: gcc -o conftest    conftest.c  >&5
configure:3166: $? = 0
configure:3190: result: 
configure:3196: checking for suffix of object files
configure:3222: gcc -c   conftest.c >&5
configure:3225: $? = 0
configure:3248: result: o
configure:3252: checking whether we are using the GNU C compiler
configure:3281: gcc -c   conftest.c >&5
configure:3287: $? = 0
configure:3304: result: yes
configure:3309: checking whether gcc accepts -g
configure:3339: gcc -c -g  conftest.c >&5
configure:3345: $? = 0
configure:3444: result: yes
configure:3461: checking for gcc option to accept ISO C89
configure:3535: gcc  -c -g -O2  conftest.c >&5
configure:3541: $? = 0
configure:3564: result: none needed
configure:3584: checking dependency style of gcc
configure:3674: result: gcc3
configure:3691: checking for a sed that does not truncate output
configure:3747: result: /bin/sed
configure:3750: checking for grep that handles long lines and -e
configure:3824: result: /bin/grep
configure:3829: checking for egrep
configure:3907: result: /bin/grep -E
configure:3923: checking for ld used by gcc
configure:3990: result: /usr/bin/ld
configure:3999: checking if the linker (/usr/bin/ld) is GNU ld
configure:4014: result: yes
configure:4019: checking for /usr/bin/ld option to reload object files
configure:4026: result: -r
configure:4044: checking for BSD-compatible nm
configure:4093: result: /usr/bin/nm -B
configure:4097: checking whether ln -s works
configure:4101: result: yes
configure:4108: checking how to recognize dependent libraries
configure:4294: result: pass_all
configure:4383: gcc -c -g -O2  conftest.c >&5
configure:4386: $? = 0
configure:4825: checking how to run the C preprocessor
configure:4865: gcc -E  conftest.c
configure:4871: $? = 0
configure:4902: gcc -E  conftest.c
conftest.c:8:28: fatal error: ac_nonexistent.h: No such file or directory
compilation terminated.
configure:4908: $? = 1
configure: failed program was:
| /* confdefs.h.  */
| #define PACKAGE_NAME ""
| #define PACKAGE_TARNAME ""
| #define PACKAGE_VERSION ""
| #define PACKAGE_STRING ""
| #define PACKAGE_BUGREPORT ""
| /* end confdefs.h.  */
| #include <ac_nonexistent.h>
configure:4941: result: gcc -E
configure:4970: gcc -E  conftest.c
configure:4976: $? = 0
configure:5007: gcc -E  conftest.c
conftest.c:8:28: fatal error: ac_nonexistent.h: No such file or directory
compilation terminated.
configure:5013: $? = 1
configure: failed program was:
| /* confdefs.h.  */
| #define PACKAGE_NAME ""
| #define PACKAGE_TARNAME ""
| #define PACKAGE_VERSION ""
| #define PACKAGE_STRING ""
| #define PACKAGE_BUGREPORT ""
| /* end confdefs.h.  */
| #include <ac_nonexistent.h>
configure:5051: checking for ANSI C header files
configure:5081: gcc -c -g -O2  conftest.c >&5
configure:5087: $? = 0
configure:5186: gcc -o conftest -g -O2   conftest.c  >&5
configure:5189: $? = 0
configure:5195: ./conftest
configure:5198: $? = 0
configure:5215: result: yes
configure:5239: checking for sys/types.h
configure:5260: gcc -c -g -O2  conftest.c >&5
configure:5266: $? = 0
configure:5282: result: yes
configure:5239: checking for sys/stat.h
configure:5260: gcc -c -g -O2  conftest.c >&5
configure:5266: $? = 0
configure:5282: result: yes
configure:5239: checking for stdlib.h
configure:5260: gcc -c -g -O2  conftest.c >&5
configure:5266: $? = 0
configure:5282: result: yes
configure:5239: checking for string.h
configure:5260: gcc -c -g -O2  conftest.c >&5
configure:5266: $? = 0
configure:5282: result: yes
configure:5239: checking for memory.h
configure:5260: gcc -c -g -O2  conftest.c >&5
configure:5266: $? = 0
configure:5282: result: yes
configure:5239: checking for strings.h
configure:5260: gcc -c -g -O2  conftest.c >&5
configure:5266: $? = 0
configure:5282: result: yes
configure:5239: checking for inttypes.h
configure:5260: gcc -c -g -O2  conftest.c >&5
configure:5266: $? = 0
configure:5282: result: yes
configure:5239: checking for stdint.h
configure:5260: gcc -c -g -O2  conftest.c >&5
configure:5266: $? = 0
configure:5282: result: yes
configure:5239: checking for unistd.h
configure:5260: gcc -c -g -O2  conftest.c >&5
configure:5266: $? = 0
configure:5282: result: yes
configure:5309: checking dlfcn.h usability
configure:5326: gcc -c -g -O2  conftest.c >&5
configure:5332: $? = 0
configure:5346: result: yes
configure:5350: checking dlfcn.h presence
configure:5365: gcc -E  conftest.c
configure:5371: $? = 0
configure:5385: result: yes
configure:5413: checking for dlfcn.h
configure:5421: result: yes
configure:5492: checking for g++
configure:5508: found /usr/bin/g++
configure:5519: result: g++
configure:5550: checking for C++ compiler version
configure:5557: g++ --version >&5
g++ (Ubuntu 5.4.0-6ubuntu1~16.04.2) 5.4.0 20160609
Copyright (C) 2015 Free Software Foundation, Inc.
This is free software; see the source for copying conditions.  There is NO
warranty; not even for MERCHANTABILITY or FITNESS FOR A PARTICULAR PURPOSE.

configure:5560: $? = 0
configure:5567: g++ -v >&5
Using built-in specs.
COLLECT_GCC=g++
COLLECT_LTO_WRAPPER=/usr/lib/gcc/x86_64-linux-gnu/5/lto-wrapper
Target: x86_64-linux-gnu
Configured with: ../src/configure -v --with-pkgversion='Ubuntu 5.4.0-6ubuntu1~16.04.2' --with-bugurl=file:///usr/share/doc/gcc-5/README.Bugs --enable-languages=c,ada,c++,java,go,d,fortran,objc,obj-c++ --prefix=/usr --program-suffix=-5 --enable-shared --enable-linker-build-id --libexecdir=/usr/lib --without-included-gettext --enable-threads=posix --libdir=/usr/lib --enable-nls --with-sysroot=/ --enable-clocale=gnu --enable-libstdcxx-debug --enable-libstdcxx-time=yes --with-default-libstdcxx-abi=new --enable-gnu-unique-object --disable-vtable-verify --enable-libmpx --enable-plugin --with-system-zlib --disable-browser-plugin --enable-java-awt=gtk --enable-gtk-cairo --with-java-home=/usr/lib/jvm/java-1.5.0-gcj-5-amd64/jre --enable-java-home --with-jvm-root-dir=/usr/lib/jvm/java-1.5.0-gcj-5-amd64 --with-jvm-jar-dir=/usr/lib/jvm-exports/java-1.5.0-gcj-5-amd64 --with-arch-directory=amd64 --with-ecj-jar=/usr/share/java/eclipse-ecj.jar --enable-objc-gc --enable-multiarch --disable-werror --with-arch-32=i686 --with-abi=m64 --with-multilib-list=m32,m64,mx32 --enable-multilib --with-tune=generic --enable-checking=release --build=x86_64-linux-gnu --host=x86_64-linux-gnu --target=x86_64-linux-gnu
Thread model: posix
gcc version 5.4.0 20160609 (Ubuntu 5.4.0-6ubuntu1~16.04.2) 
configure:5570: $? = 0
configure:5577: g++ -V >&5
g++: error: unrecognized command line option '-V'
g++: fatal error: no input files
compilation terminated.
configure:5580: $? = 1
configure:5583: checking whether we are using the GNU C++ compiler
configure:5612: g++ -c   conftest.cpp >&5
configure:5618: $? = 0
configure:5635: result: yes
configure:5640: checking whether g++ accepts -g
configure:5670: g++ -c -g  conftest.cpp >&5
configure:5676: $? = 0
configure:5775: result: yes
configure:5800: checking dependency style of g++
configure:5890: result: gcc3
configure:5917: checking how to run the C++ preprocessor
configure:5953: g++ -E  conftest.cpp
configure:5959: $? = 0
configure:5990: g++ -E  conftest.cpp
conftest.cpp:19:28: fatal error: ac_nonexistent.h: No such file or directory
compilation terminated.
configure:5996: $? = 1
configure: failed program was:
| /* confdefs.h.  */
| #define PACKAGE_NAME ""
| #define PACKAGE_TARNAME ""
| #define PACKAGE_VERSION ""
| #define PACKAGE_STRING ""
| #define PACKAGE_BUGREPORT ""
| #define STDC_HEADERS 1
| #define HAVE_SYS_TYPES_H 1
| #define HAVE_SYS_STAT_H 1
| #define HAVE_STDLIB_H 1
| #define HAVE_STRING_H 1
| #define HAVE_MEMORY_H 1
| #define HAVE_STRINGS_H 1
| #define HAVE_INTTYPES_H 1
| #define HAVE_STDINT_H 1
| #define HAVE_UNISTD_H 1
| #define HAVE_DLFCN_H 1
| /* end confdefs.h.  */
| #include <ac_nonexistent.h>
configure:6029: result: g++ -E
configure:6058: g++ -E  conftest.cpp
configure:6064: $? = 0
configure:6095: g++ -E  conftest.cpp
conftest.cpp:19:28: fatal error: ac_nonexistent.h: No such file or directory
compilation terminated.
configure:6101: $? = 1
configure: failed program was:
| /* confdefs.h.  */
| #define PACKAGE_NAME ""
| #define PACKAGE_TARNAME ""
| #define PACKAGE_VERSION ""
| #define PACKAGE_STRING ""
| #define PACKAGE_BUGREPORT ""
| #define STDC_HEADERS 1
| #define HAVE_SYS_TYPES_H 1
| #define HAVE_SYS_STAT_H 1
| #define HAVE_STDLIB_H 1
| #define HAVE_STRING_H 1
| #define HAVE_MEMORY_H 1
| #define HAVE_STRINGS_H 1
| #define HAVE_INTTYPES_H 1
| #define HAVE_STDINT_H 1
| #define HAVE_UNISTD_H 1
| #define HAVE_DLFCN_H 1
| /* end confdefs.h.  */
| #include <ac_nonexistent.h>
configure:6194: checking for g77
configure:6224: result: no
configure:6194: checking for xlf
configure:6224: result: no
configure:6194: checking for f77
configure:6224: result: no
configure:6194: checking for frt
configure:6224: result: no
configure:6194: checking for pgf77
configure:6224: result: no
configure:6194: checking for cf77
configure:6224: result: no
configure:6194: checking for fort77
configure:6224: result: no
configure:6194: checking for fl32
configure:6224: result: no
configure:6194: checking for af77
configure:6224: result: no
configure:6194: checking for xlf90
configure:6224: result: no
configure:6194: checking for f90
configure:6224: result: no
configure:6194: checking for pgf90
configure:6224: result: no
configure:6194: checking for pghpf
configure:6224: result: no
configure:6194: checking for epcf90
configure:6224: result: no
configure:6194: checking for gfortran
configure:6224: result: no
configure:6194: checking for g95
configure:6224: result: no
configure:6194: checking for xlf95
configure:6224: result: no
configure:6194: checking for f95
configure:6224: result: no
configure:6194: checking for fort
configure:6224: result: no
configure:6194: checking for ifort
configure:6224: result: no
configure:6194: checking for ifc
configure:6224: result: no
configure:6194: checking for efc
configure:6224: result: no
configure:6194: checking for pgf95
configure:6224: result: no
configure:6194: checking for lf95
configure:6224: result: no
configure:6194: checking for ftn
configure:6224: result: no
configure:6251: checking for Fortran 77 compiler version
configure:6258:  --version >&5
./configure: line 6259: --version: command not found
configure:6261: $? = 127
configure:6268:  -v >&5
./configure: line 6269: -v: command not found
configure:6271: $? = 127
configure:6278:  -V >&5
./configure: line 6279: -V: command not found
configure:6281: $? = 127
configure:6289: checking whether we are using the GNU Fortran 77 compiler
configure:6308:  -c  conftest.F >&5
./configure: line 6309: -c: command not found
configure:6314: $? = 127
configure: failed program was:
|       program main
| #ifndef __GNUC__
|        choke me
| #endif
| 
|       end
configure:6331: result: no
configure:6337: checking whether  accepts -g
configure:6354:  -c -g conftest.f >&5
./configure: line 6355: -c: command not found
configure:6360: $? = 127
configure: failed program was:
|       program main
| 
|       end
configure:6376: result: no
configure:6406: checking the maximum length of command line arguments
configure:6518: result: 1572864
configure:6530: checking command to parse /usr/bin/nm -B output from gcc object
configure:6635: gcc -c -g -O2  conftest.c >&5
configure:6638: $? = 0
configure:6642: /usr/bin/nm -B conftest.o \| sed -n -e 's/^.*[ 	]\([ABCDGIRSTW][ABCDGIRSTW]*\)[ 	][ 	]*\([_A-Za-z][_A-Za-z0-9]*\)$/\1 \2 \2/p' \> conftest.nm
configure:6645: $? = 0
configure:6697: gcc -o conftest -g -O2   conftest.c conftstm.o >&5
configure:6700: $? = 0
configure:6738: result: ok
configure:6742: checking for objdir
configure:6757: result: .libs
configure:6849: checking for ar
configure:6865: found /usr/bin/ar
configure:6876: result: ar
configure:6945: checking for ranlib
configure:6961: found /usr/bin/ranlib
configure:6972: result: ranlib
configure:7041: checking for strip
configure:7057: found /usr/bin/strip
configure:7068: result: strip
configure:7354: checking if gcc supports -fno-rtti -fno-exceptions
configure:7372: gcc -c -g -O2  -fno-rtti -fno-exceptions conftest.c >&5
cc1: warning: command line option '-fno-rtti' is valid for C++/ObjC++ but not for C
configure:7376: $? = 0
configure:7389: result: no
configure:7404: checking for gcc option to produce PIC
configure:7636: result: -fPIC
configure:7644: checking if gcc PIC flag -fPIC works
configure:7662: gcc -c -g -O2  -fPIC -DPIC conftest.c >&5
configure:7666: $? = 0
configure:7679: result: yes
configure:7707: checking if gcc static flag -static works
configure:7735: result: yes
configure:7745: checking if gcc supports -c -o file.o
configure:7766: gcc -c -g -O2  -o out/conftest2.o conftest.c >&5
configure:7770: $? = 0
configure:7792: result: yes
configure:7818: checking whether the gcc linker (/usr/bin/ld -m elf_x86_64) supports shared libraries
configure:8799: result: yes
configure:8820: checking whether -lc should be explicitly linked in
configure:8825: gcc -c -g -O2  conftest.c >&5
configure:8828: $? = 0
configure:8843: gcc -shared conftest.o  -v -Wl,-soname -Wl,conftest -o conftest 2\>\&1 \| grep  -lc  \>/dev/null 2\>\&1
configure:8846: $? = 0
configure:8858: result: no
configure:8866: checking dynamic linker characteristics
configure:9480: result: GNU/Linux ld.so
configure:9489: checking how to hardcode library paths into programs
configure:9514: result: immediate
configure:9528: checking whether stripping libraries is possible
configure:9533: result: yes
configure:10335: checking if libtool supports shared libraries
configure:10337: result: yes
configure:10340: checking whether to build shared libraries
configure:10361: result: yes
configure:10364: checking whether to build static libraries
configure:10368: result: yes
configure:10461: creating libtool
configure:11049: checking for ld used by g++
configure:11116: result: /usr/bin/ld -m elf_x86_64
configure:11125: checking if the linker (/usr/bin/ld -m elf_x86_64) is GNU ld
configure:11140: result: yes
configure:11191: checking whether the g++ linker (/usr/bin/ld -m elf_x86_64) supports shared libraries
configure:12165: result: yes
configure:12183: g++ -c -g -O2  conftest.cpp >&5
configure:12186: $? = 0
configure:12338: checking for g++ option to produce PIC
configure:12622: result: -fPIC
configure:12630: checking if g++ PIC flag -fPIC works
configure:12648: g++ -c -g -O2  -fPIC -DPIC conftest.cpp >&5
configure:12652: $? = 0
configure:12665: result: yes
configure:12693: checking if g++ static flag -static works
configure:12721: result: yes
configure:12731: checking if g++ supports -c -o file.o
configure:12752: g++ -c -g -O2  -o out/conftest2.o conftest.cpp >&5
configure:12756: $? = 0
configure:12778: result: yes
configure:12804: checking whether the g++ linker (/usr/bin/ld -m elf_x86_64) supports shared libraries
configure:12832: result: yes
configure:12899: checking dynamic linker characteristics
configure:13461: result: GNU/Linux ld.so
configure:13470: checking how to hardcode library paths into programs
configure:13495: result: immediate
configure:19693: checking whether byte ordering is bigendian
configure:19726: gcc -c -g -O2  conftest.c >&5
configure:19732: $? = 0
configure:19764: gcc -c -g -O2  conftest.c >&5
conftest.c: In function 'main':
conftest.c:26:2: error: unknown type name 'not'
  not big endian
  ^
conftest.c:26:10: error: expected '=', ',', ';', 'asm' or '__attribute__' before 'endian'
  not big endian
          ^
configure:19770: $? = 1
configure: failed program was:
| /* confdefs.h.  */
| #define PACKAGE_NAME ""
| #define PACKAGE_TARNAME ""
| #define PACKAGE_VERSION ""
| #define PACKAGE_STRING ""
| #define PACKAGE_BUGREPORT ""
| #define STDC_HEADERS 1
| #define HAVE_SYS_TYPES_H 1
| #define HAVE_SYS_STAT_H 1
| #define HAVE_STDLIB_H 1
| #define HAVE_STRING_H 1
| #define HAVE_MEMORY_H 1
| #define HAVE_STRINGS_H 1
| #define HAVE_INTTYPES_H 1
| #define HAVE_STDINT_H 1
| #define HAVE_UNISTD_H 1
| #define HAVE_DLFCN_H 1
| /* end confdefs.h.  */
| #include <sys/types.h>
| #include <sys/param.h>
| 
| int
| main ()
| {
| #if BYTE_ORDER != BIG_ENDIAN
|  not big endian
| #endif
| 
|   ;
|   return 0;
| }
configure:19910: result: no
configure:19929: checking for an ANSI C-conforming const
configure:20004: gcc -c -g -O2  conftest.c >&5
configure:20010: $? = 0
configure:20025: result: yes
configure:20035: checking for inline
configure:20061: gcc -c -g -O2  conftest.c >&5
configure:20067: $? = 0
configure:20085: result: inline
configure:20104: checking for C/C++ restrict keyword
configure:20140: gcc -c -g -O2  conftest.c >&5
configure:20146: $? = 0
configure:20164: result: restrict
configure:20181: checking for C99 variable-size arrays
configure:20208: gcc -c -g -O2  conftest.c >&5
configure:20214: $? = 0
configure:20234: result: yes
configure:20253: checking alloca.h usability
configure:20270: gcc -c -g -O2  conftest.c >&5
configure:20276: $? = 0
configure:20290: result: yes
configure:20294: checking alloca.h presence
configure:20309: gcc -E  conftest.c
configure:20315: $? = 0
configure:20329: result: yes
configure:20357: checking for alloca.h
configure:20365: result: yes
configure:20253: checking getopt.h usability
configure:20270: gcc -c -g -O2  conftest.c >&5
configure:20276: $? = 0
configure:20290: result: yes
configure:20294: checking getopt.h presence
configure:20309: gcc -E  conftest.c
configure:20315: $? = 0
configure:20329: result: yes
configure:20357: checking for getopt.h
configure:20365: result: yes
configure:20378: checking for alloca
configure:20409: gcc -c -g -O2  conftest.c >&5
configure:20415: $? = 0
configure:20439: result: yes
configure:20459: checking sys/soundcard.h usability
configure:20476: gcc -c -g -O2  conftest.c >&5
configure:20482: $? = 0
configure:20496: result: yes
configure:20500: checking sys/soundcard.h presence
configure:20515: gcc -E  conftest.c
configure:20521: $? = 0
configure:20535: result: yes
configure:20563: checking for sys/soundcard.h
configure:20571: result: yes
configure:20459: checking sys/audioio.h usability
configure:20476: gcc -c -g -O2  conftest.c >&5
conftest.c:56:25: fatal error: sys/audioio.h: No such file or directory
compilation terminated.
configure:20482: $? = 1
configure: failed program was:
| /* confdefs.h.  */
| #define PACKAGE_NAME ""
| #define PACKAGE_TARNAME ""
| #define PACKAGE_VERSION ""
| #define PACKAGE_STRING ""
| #define PACKAGE_BUGREPORT ""
| #define STDC_HEADERS 1
| #define HAVE_SYS_TYPES_H 1
| #define HAVE_SYS_STAT_H 1
| #define HAVE_STDLIB_H 1
| #define HAVE_STRING_H 1
| #define HAVE_MEMORY_H 1
| #define HAVE_STRINGS_H 1
| #define HAVE_INTTYPES_H 1
| #define HAVE_STDINT_H 1
| #define HAVE_UNISTD_H 1
| #define HAVE_DLFCN_H 1
| #define VAR_ARRAYS
| #define HAVE_ALLOCA_H 1
| #define HAVE_GETOPT_H 1
| #define HAVE_SYS_SOUNDCARD_H 1
| /* end confdefs.h.  */
| #include <stdio.h>
| #ifdef HAVE_SYS_TYPES_H
| # include <sys/types.h>
| #endif
| #ifdef HAVE_SYS_STAT_H
| # include <sys/stat.h>
| #endif
| #ifdef STDC_HEADERS
| # include <stdlib.h>
| # include <stddef.h>
| #else
| # ifdef HAVE_STDLIB_H
| #  include <stdlib.h>
| # endif
| #endif
| #ifdef HAVE_STRING_H
| # if !defined STDC_HEADERS && defined HAVE_MEMORY_H
| #  include <memory.h>
| # endif
| # include <string.h>
| #endif
| #ifdef HAVE_STRINGS_H
| # include <strings.h>
| #endif
| #ifdef HAVE_INTTYPES_H
| # include <inttypes.h>
| #endif
| #ifdef HAVE_STDINT_H
| # include <stdint.h>
| #endif
| #ifdef HAVE_UNISTD_H
| # include <unistd.h>
| #endif
| #include <sys/audioio.h>
configure:20496: result: no
configure:20500: checking sys/audioio.h presence
configure:20515: gcc -E  conftest.c
conftest.c:23:25: fatal error: sys/audioio.h: No such file or directory
compilation terminated.
configure:20521: $? = 1
configure: failed program was:
| /* confdefs.h.  */
| #define PACKAGE_NAME ""
| #define PACKAGE_TARNAME ""
| #define PACKAGE_VERSION ""
| #define PACKAGE_STRING ""
| #define PACKAGE_BUGREPORT ""
| #define STDC_HEADERS 1
| #define HAVE_SYS_TYPES_H 1
| #define HAVE_SYS_STAT_H 1
| #define HAVE_STDLIB_H 1
| #define HAVE_STRING_H 1
| #define HAVE_MEMORY_H 1
| #define HAVE_STRINGS_H 1
| #define HAVE_INTTYPES_H 1
| #define HAVE_STDINT_H 1
| #define HAVE_UNISTD_H 1
| #define HAVE_DLFCN_H 1
| #define VAR_ARRAYS
| #define HAVE_ALLOCA_H 1
| #define HAVE_GETOPT_H 1
| #define HAVE_SYS_SOUNDCARD_H 1
| /* end confdefs.h.  */
| #include <sys/audioio.h>
configure:20535: result: no
configure:20563: checking for sys/audioio.h
configure:20571: result: no
configure:20635: checking for Ogg
configure:20707: result: yes
configure:20789: checking for sin in -lm
configure:20824: gcc -o conftest -g -O2   conftest.c -lm   >&5
conftest.c:30:6: warning: conflicting types for built-in function 'sin'
 char sin ();
      ^
configure:20830: $? = 0
configure:20848: result: yes
configure:20865: checking for getopt_long
configure:20921: gcc -o conftest -g -O2   conftest.c -lm  >&5
configure:20927: $? = 0
configure:20945: result: yes
configure:21041: checking for main in -lwinmm
configure:21070: gcc -o conftest -g -O2   conftest.c -lwinmm  -lm  >&5
/usr/bin/ld: cannot find -lwinmm
collect2: error: ld returned 1 exit status
configure:21076: $? = 1
configure: failed program was:
| /* confdefs.h.  */
| #define PACKAGE_NAME ""
| #define PACKAGE_TARNAME ""
| #define PACKAGE_VERSION ""
| #define PACKAGE_STRING ""
| #define PACKAGE_BUGREPORT ""
| #define STDC_HEADERS 1
| #define HAVE_SYS_TYPES_H 1
| #define HAVE_SYS_STAT_H 1
| #define HAVE_STDLIB_H 1
| #define HAVE_STRING_H 1
| #define HAVE_MEMORY_H 1
| #define HAVE_STRINGS_H 1
| #define HAVE_INTTYPES_H 1
| #define HAVE_STDINT_H 1
| #define HAVE_UNISTD_H 1
| #define HAVE_DLFCN_H 1
| #define VAR_ARRAYS
| #define HAVE_ALLOCA_H 1
| #define HAVE_GETOPT_H 1
| #define HAVE_SYS_SOUNDCARD_H 1
| #define HAVE_LIBM 1
| #define HAVE_GETOPT_LONG 1
| /* end confdefs.h.  */
| 
| 
| int
| main ()
| {
| return main ();
|   ;
|   return 0;
| }
configure:21094: result: no
configure:21268: checking for short
configure:21298: gcc -c -g -O2  conftest.c >&5
configure:21304: $? = 0
configure:21319: result: yes
configure:21326: checking size of short
configure:21628: gcc -o conftest -g -O2   conftest.c -lm  >&5
configure:21631: $? = 0
configure:21637: ./conftest
configure:21640: $? = 0
configure:21663: result: 2
configure:21673: checking for int
configure:21703: gcc -c -g -O2  conftest.c >&5
configure:21709: $? = 0
configure:21724: result: yes
configure:21731: checking size of int
configure:22033: gcc -o conftest -g -O2   conftest.c -lm  >&5
configure:22036: $? = 0
configure:22042: ./conftest
configure:22045: $? = 0
configure:22068: result: 4
configure:22078: checking for long
configure:22108: gcc -c -g -O2  conftest.c >&5
configure:22114: $? = 0
configure:22129: result: yes
configure:22136: checking size of long
configure:22438: gcc -o conftest -g -O2   conftest.c -lm  >&5
configure:22441: $? = 0
configure:22447: ./conftest
configure:22450: $? = 0
configure:22473: result: 8
configure:22643: creating ./config.status

## ---------------------- ##
## Running config.status. ##
## ---------------------- ##

This file was extended by config.status, which was
generated by GNU Autoconf 2.61.  Invocation command line was

  CONFIG_FILES    = 
  CONFIG_HEADERS  = 
  CONFIG_LINKS    = 
  CONFIG_COMMANDS = 
  $ ./config.status 

on ubuntu

config.status:709: creating Makefile
config.status:709: creating libspeex/Makefile
config.status:709: creating src/Makefile
config.status:709: creating doc/Makefile
config.status:709: creating Speex.spec
config.status:709: creating include/Makefile
config.status:709: creating include/speex/Makefile
config.status:709: creating speex.pc
config.status:709: creating speexdsp.pc
config.status:709: creating win32/Makefile
config.status:709: creating win32/libspeex/Makefile
config.status:709: creating win32/speexenc/Makefile
config.status:709: creating win32/speexdec/Makefile
config.status:709: creating symbian/Makefile
config.status:709: creating win32/VS2003/Makefile
config.status:709: creating win32/VS2003/tests/Makefile
config.status:709: creating win32/VS2003/libspeex/Makefile
config.status:709: creating win32/VS2003/libspeexdsp/Makefile
config.status:709: creating win32/VS2003/speexdec/Makefile
config.status:709: creating win32/VS2003/speexenc/Makefile
config.status:709: creating win32/VS2005/Makefile
config.status:709: creating win32/VS2005/libspeex/Makefile
config.status:709: creating win32/VS2005/speexdec/Makefile
config.status:709: creating win32/VS2005/speexenc/Makefile
config.status:709: creating win32/VS2005/libspeexdsp/Makefile
config.status:709: creating win32/VS2005/tests/Makefile
config.status:709: creating win32/VS2008/libspeexdsp/Makefile
config.status:709: creating win32/VS2008/Makefile
config.status:709: creating win32/VS2008/speexdec/Makefile
config.status:709: creating win32/VS2008/tests/Makefile
config.status:709: creating win32/VS2008/libspeex/Makefile
config.status:709: creating win32/VS2008/speexenc/Makefile
config.status:709: creating include/speex/speex_config_types.h
config.status:709: creating ti/Makefile
config.status:709: creating ti/speex_C54_test/Makefile
config.status:709: creating ti/speex_C55_test/Makefile
config.status:709: creating ti/speex_C64_test/Makefile
config.status:709: creating config.h
config.status:943: config.h is unchanged
config.status:989: executing depfiles commands

## ---------------- ##
## Cache variables. ##
## ---------------- ##

ac_cv_build=x86_64-unknown-linux-gnu
ac_cv_c_bigendian=no
ac_cv_c_compiler_gnu=yes
ac_cv_c_const=yes
ac_cv_c_inline=inline
ac_cv_c_restrict=restrict
ac_cv_cxx_compiler_gnu=yes
ac_cv_env_CCC_set=
ac_cv_env_CCC_value=
ac_cv_env_CC_set=
ac_cv_env_CC_value=
ac_cv_env_CFLAGS_set=
ac_cv_env_CFLAGS_value=
ac_cv_env_CPPFLAGS_set=
ac_cv_env_CPPFLAGS_value=
ac_cv_env_CPP_set=
ac_cv_env_CPP_value=
ac_cv_env_CXXCPP_set=
ac_cv_env_CXXCPP_value=
ac_cv_env_CXXFLAGS_set=
ac_cv_env_CXXFLAGS_value=
ac_cv_env_CXX_set=
ac_cv_env_CXX_value=
ac_cv_env_F77_set=
ac_cv_env_F77_value=
ac_cv_env_FFLAGS_set=
ac_cv_env_FFLAGS_value=
ac_cv_env_LDFLAGS_set=
ac_cv_env_LDFLAGS_value=
ac_cv_env_LIBS_set=
ac_cv_env_LIBS_value=
ac_cv_env_build_alias_set=
ac_cv_env_build_alias_value=
ac_cv_env_host_alias_set=
ac_cv_env_host_alias_value=
ac_cv_env_target_alias_set=
ac_cv_env_target_alias_value=
ac_cv_f77_compiler_gnu=no
ac_cv_func_getopt_long=yes
ac_cv_header_alloca_h=yes
ac_cv_header_dlfcn_h=yes
ac_cv_header_getopt_h=yes
ac_cv_header_inttypes_h=yes
ac_cv_header_memory_h=yes
ac_cv_header_stdc=yes
ac_cv_header_stdint_h=yes
ac_cv_header_stdlib_h=yes
ac_cv_header_string_h=yes
ac_cv_header_strings_h=yes
ac_cv_header_sys_audioio_h=no
ac_cv_header_sys_soundcard_h=yes
ac_cv_header_sys_stat_h=yes
ac_cv_header_sys_types_h=yes
ac_cv_header_unistd_h=yes
ac_cv_host=x86_64-unknown-linux-gnu
ac_cv_lib_m_sin=yes
ac_cv_lib_winmm_main=no
ac_cv_objext=o
ac_cv_path_EGREP='/bin/grep -E'
ac_cv_path_GREP=/bin/grep
ac_cv_path_install='/usr/bin/install -c'
ac_cv_prog_AWK=mawk
ac_cv_prog_CPP='gcc -E'
ac_cv_prog_CXXCPP='g++ -E'
ac_cv_prog_ac_ct_AR=ar
ac_cv_prog_ac_ct_CC=gcc
ac_cv_prog_ac_ct_CXX=g++
ac_cv_prog_ac_ct_RANLIB=ranlib
ac_cv_prog_ac_ct_STRIP=strip
ac_cv_prog_cc_c89=
ac_cv_prog_cc_g=yes
ac_cv_prog_cxx_g=yes
ac_cv_prog_f77_g=no
ac_cv_prog_make_make_set=yes
ac_cv_sizeof_int=4
ac_cv_sizeof_long=8
ac_cv_sizeof_short=2
ac_cv_type_int=yes
ac_cv_type_long=yes
ac_cv_type_short=yes
am_cv_CC_dependencies_compiler_type=gcc3
am_cv_CXX_dependencies_compiler_type=gcc3
lt_cv_deplibs_check_method=pass_all
lt_cv_file_magic_cmd='$MAGIC_CMD'
lt_cv_file_magic_test_file=
lt_cv_ld_reload_flag=-r
lt_cv_objdir=.libs
lt_cv_path_LD=/usr/bin/ld
lt_cv_path_LDCXX='/usr/bin/ld -m elf_x86_64'
lt_cv_path_NM='/usr/bin/nm -B'
lt_cv_path_SED=/bin/sed
lt_cv_prog_compiler_c_o=yes
lt_cv_prog_compiler_c_o_CXX=yes
lt_cv_prog_compiler_rtti_exceptions=no
lt_cv_prog_gnu_ld=yes
lt_cv_prog_gnu_ldcxx=yes
lt_cv_sys_global_symbol_pipe='sed -n -e '\''s/^.*[ 	]\([ABCDGIRSTW][ABCDGIRSTW]*\)[ 	][ 	]*\([_A-Za-z][_A-Za-z0-9]*\)$/\1 \2 \2/p'\'''
lt_cv_sys_global_symbol_to_c_name_address='sed -n -e '\''s/^: \([^ ]*\) $/  {\"\1\", (lt_ptr) 0},/p'\'' -e '\''s/^[BCDEGRST] \([^ ]*\) \([^ ]*\)$/  {"\2", (lt_ptr) \&\2},/p'\'''
lt_cv_sys_global_symbol_to_cdecl='sed -n -e '\''s/^. .* \(.*\)$/extern int \1;/p'\'''
lt_cv_sys_max_cmd_len=1572864
lt_lt_cv_prog_compiler_c_o='"yes"'
lt_lt_cv_prog_compiler_c_o_CXX='"yes"'
lt_lt_cv_sys_global_symbol_pipe='"sed -n -e '\''s/^.*[ 	]\\([ABCDGIRSTW][ABCDGIRSTW]*\\)[ 	][ 	]*\\([_A-Za-z][_A-Za-z0-9]*\\)\$/\\1 \\2 \\2/p'\''"'
lt_lt_cv_sys_global_symbol_to_c_name_address='"sed -n -e '\''s/^: \\([^ ]*\\) \$/  {\\\"\\1\\\", (lt_ptr) 0},/p'\'' -e '\''s/^[BCDEGRST] \\([^ ]*\\) \\([^ ]*\\)\$/  {\"\\2\", (lt_ptr) \\&\\2},/p'\''"'
lt_lt_cv_sys_global_symbol_to_cdecl='"sed -n -e '\''s/^. .* \\(.*\\)\$/extern int \\1;/p'\''"'

## ----------------- ##
## Output variables. ##
## ----------------- ##

ACLOCAL='${SHELL} /home/devshark/SCRATCH/doubango_env/doubango/DEPS/speex-1.2beta3/missing --run aclocal-1.8'
AMDEPBACKSLASH='\'
AMDEP_FALSE='#'
AMDEP_TRUE=''
AMTAR='${SHELL} /home/devshark/SCRATCH/doubango_env/doubango/DEPS/speex-1.2beta3/missing --run tar'
AR='ar'
AS='as'
AUTOCONF='${SHELL} /home/devshark/SCRATCH/doubango_env/doubango/DEPS/speex-1.2beta3/missing --run autoconf'
AUTOHEADER='${SHELL} /home/devshark/SCRATCH/doubango_env/doubango/DEPS/speex-1.2beta3/missing --run autoheader'
AUTOMAKE='${SHELL} /home/devshark/SCRATCH/doubango_env/doubango/DEPS/speex-1.2beta3/missing --run automake-1.8'
AWK='mawk'
CC='gcc'
CCDEPMODE='depmode=gcc3'
CFLAGS='-g -O2'
CPP='gcc -E'
CPPFLAGS=''
CXX='g++'
CXXCPP='g++ -E'
CXXDEPMODE='depmode=gcc3'
CXXFLAGS='-g -O2'
CYGPATH_W='echo'
DEFS='-DHAVE_CONFIG_H'
DEPDIR='.deps'
DLLTOOL='dlltool'
ECHO='echo'
ECHO_C=''
ECHO_N='-n'
ECHO_T=''
EGREP='/bin/grep -E'
EXEEXT=''
F77=''
FFLAGS=''
GREP='/bin/grep'
INSTALL_DATA='${INSTALL} -m 644'
INSTALL_PROGRAM='${INSTALL}'
INSTALL_SCRIPT='${INSTALL}'
INSTALL_STRIP_PROGRAM='${SHELL} $(install_sh) -c -s'
LDFLAGS=''
LIBOBJS=''
LIBS='-lm '
LIBTOOL='$(SHELL) $(top_builddir)/libtool'
LN_S='ln -s'
LTLIBOBJS=''
MAINT='#'
MAINTAINER_MODE_FALSE=''
MAINTAINER_MODE_TRUE='#'
MAKEINFO='${SHELL} /home/devshark/SCRATCH/doubango_env/doubango/DEPS/speex-1.2beta3/missing --run makeinfo'
OBJDUMP='objdump'
OBJEXT='o'
OGG_CFLAGS=''
OGG_LIBS=' -logg'
PACKAGE='speex'
PACKAGE_BUGREPORT=''
PACKAGE_NAME=''
PACKAGE_STRING=''
PACKAGE_TARNAME=''
PACKAGE_VERSION=''
PATH_SEPARATOR=':'
RANLIB='ranlib'
SED='/bin/sed'
SET_MAKE=''
SHELL='/bin/bash'
SIZE16='short'
SIZE32='int'
SPEEX_LT_AGE='4'
SPEEX_LT_CURRENT='5'
SPEEX_LT_REVISION='0'
SPEEX_VERSION='1.2beta3'
STRIP='strip'
VERSION='1.2beta3'
ac_ct_CC='gcc'
ac_ct_CXX='g++'
ac_ct_F77=''
am__fastdepCC_FALSE='#'
am__fastdepCC_TRUE=''
am__fastdepCXX_FALSE='#'
am__fastdepCXX_TRUE=''
am__include='include'
am__leading_dot='.'
am__quote=''
bindir='${exec_prefix}/bin'
build='x86_64-unknown-linux-gnu'
build_alias=''
build_cpu='x86_64'
build_os='linux-gnu'
build_vendor='unknown'
datadir='${datarootdir}'
datarootdir='${prefix}/share'
docdir='${datarootdir}/doc/${PACKAGE}'
dvidir='${docdir}'
exec_prefix='${prefix}'
host='x86_64-unknown-linux-gnu'
host_alias=''
host_cpu='x86_64'
host_os='linux-gnu'
host_vendor='unknown'
htmldir='${docdir}'
includedir='${prefix}/include'
infodir='${datarootdir}/info'
install_sh='/home/devshark/SCRATCH/doubango_env/doubango/DEPS/speex-1.2beta3/install-sh'
libdir='${exec_prefix}/lib'
libexecdir='${exec_prefix}/libexec'
localedir='${datarootdir}/locale'
localstatedir='${prefix}/var'
mandir='${datarootdir}/man'
mkdir_p='mkdir -p -- .'
oldincludedir='/usr/include'
pdfdir='${docdir}'
prefix='/usr/local'
program_transform_name='s,x,x,'
psdir='${docdir}'
sbindir='${exec_prefix}/sbin'
sharedstatedir='${prefix}/com'
src='src'
sysconfdir='${prefix}/etc'
target_alias=''

## ----------- ##
## confdefs.h. ##
## ----------- ##

#define PACKAGE_NAME ""
#define PACKAGE_TARNAME ""
#define PACKAGE_VERSION ""
#define PACKAGE_STRING ""
#define PACKAGE_BUGREPORT ""
#define STDC_HEADERS 1
#define HAVE_SYS_TYPES_H 1
#define HAVE_SYS_STAT_H 1
#define HAVE_STDLIB_H 1
#define HAVE_STRING_H 1
#define HAVE_MEMORY_H 1
#define HAVE_STRINGS_H 1
#define HAVE_INTTYPES_H 1
#define HAVE_STDINT_H 1
#define HAVE_UNISTD_H 1
#define HAVE_DLFCN_H 1
#define VAR_ARRAYS
#define HAVE_ALLOCA_H 1
#define HAVE_GETOPT_H 1
#define HAVE_SYS_SOUNDCARD_H 1
#define HAVE_LIBM 1
#define HAVE_GETOPT_LONG 1
#define SPEEX_VERSION "1.2beta3"
#define SPEEX_MAJOR_VERSION 1
#define SPEEX_MINOR_VERSION 1
#define SPEEX_MICRO_VERSION 15
#define SPEEX_EXTRA_VERSION ""
#define FLOATING_POINT
#define SIZEOF_SHORT 2
#define SIZEOF_INT 4
#define SIZEOF_LONG 8

configure: exit 0
